The target system is: Android - 1 - x86_64
The host system is: Windows - 10.0.22631 - AMD64
Determining if the C compiler works passed with the following output:
Change Dir: D:/Programming/Clone Github/OpenLockr/app/.cxx/cmake/debug/x86_64/CMakeFiles/CMakeTmp

Run Build Command:"D:\Programming\Unsort\SDK\cmake\3.10.2.4988404\bin\ninja.exe" "cmTC_431ae"
[1/2] Building C object CMakeFiles/cmTC_431ae.dir/testCCompiler.c.o
[2/2] Linking C executable cmTC_431ae


Detecting C compiler ABI info compiled with the following output:
Change Dir: D:/Programming/Clone Github/OpenLockr/app/.cxx/cmake/debug/x86_64/CMakeFiles/CMakeTmp

Run Build Command:"D:\Programming\Unsort\SDK\cmake\3.10.2.4988404\bin\ninja.exe" "cmTC_edfe3"
[1/2] Building C object CMakeFiles/cmTC_edfe3.dir/CMakeCCompilerABI.c.o
[2/2] Linking C executable cmTC_edfe3
Android (13691557, based on r522817d) clang version 18.0.4 (https://android.googlesource.com/toolchain/llvm-project d8003a456d14a3deb8054cdaa529ffbf02d9b262)
Target: x86_64-none-linux-android21
Thread model: posix
InstalledDir: D:/Programming/Unsort/android-ndk-r27d/toolchains/llvm/prebuilt/windows-x86_64/bin
 "D:/Programming/Unsort/android-ndk-r27d/toolchains/llvm/prebuilt/windows-x86_64/bin/ld.lld" --sysroot=D:/Programming/Unsort/android-ndk-r27d/toolchains/llvm/prebuilt/windows-x86_64/sysroot -z now -z relro --hash-style=both --eh-frame-hdr -m elf_x86_64 -pie -dynamic-linker /system/bin/linker64 -o cmTC_edfe3 D:/Programming/Unsort/android-ndk-r27d/toolchains/llvm/prebuilt/windows-x86_64/sysroot/usr/lib/x86_64-linux-android/21/crtbegin_dynamic.o "-LD:\\Programming\\Unsort\\android-ndk-r27d\\toolchains\\llvm\\prebuilt\\windows-x86_64/lib/clang/18/lib/linux/x86_64" -LD:/Programming/Unsort/android-ndk-r27d/toolchains/llvm/prebuilt/windows-x86_64/sysroot/usr/lib/x86_64-linux-android/21 -LD:/Programming/Unsort/android-ndk-r27d/toolchains/llvm/prebuilt/windows-x86_64/sysroot/usr/lib/x86_64-linux-android -LD:/Programming/Unsort/android-ndk-r27d/toolchains/llvm/prebuilt/windows-x86_64/sysroot/usr/lib --build-id=sha1 --no-rosegment --no-undefined-version --fatal-warnings --no-undefined CMakeFiles/cmTC_edfe3.dir/CMakeCCompilerABI.c.o "D:\\Programming\\Unsort\\android-ndk-r27d\\toolchains\\llvm\\prebuilt\\windows-x86_64/lib/clang/18/lib/linux/libclang_rt.builtins-x86_64-android.a" -l:libunwind.a -ldl -lc "D:\\Programming\\Unsort\\android-ndk-r27d\\toolchains\\llvm\\prebuilt\\windows-x86_64/lib/clang/18/lib/linux/libclang_rt.builtins-x86_64-android.a" -l:libunwind.a -ldl D:/Programming/Unsort/android-ndk-r27d/toolchains/llvm/prebuilt/windows-x86_64/sysroot/usr/lib/x86_64-linux-android/21/crtend_android.o


Parsed C implicit link information from above output:
  link line regex: [^( *|.*[/\])(CMAKE_LINKER-NOTFOUND|CMAKE_LINK_STARTFILE-NOTFOUND|([^/\]+-)?ld|collect2)[^/\]*( |$)]
  ignore line: [Change Dir: D:/Programming/Clone Github/OpenLockr/app/.cxx/cmake/debug/x86_64/CMakeFiles/CMakeTmp]
  ignore line: []
  ignore line: [Run Build Command:"D:\Programming\Unsort\SDK\cmake\3.10.2.4988404\bin\ninja.exe" "cmTC_edfe3"]
  ignore line: [[1/2] Building C object CMakeFiles/cmTC_edfe3.dir/CMakeCCompilerABI.c.o]
  ignore line: [[2/2] Linking C executable cmTC_edfe3]
  ignore line: [Android (13691557, based on r522817d) clang version 18.0.4 (https://android.googlesource.com/toolchain/llvm-project d8003a456d14a3deb8054cdaa529ffbf02d9b262)]
  ignore line: [Target: x86_64-none-linux-android21]
  ignore line: [Thread model: posix]
  ignore line: [InstalledDir: D:/Programming/Unsort/android-ndk-r27d/toolchains/llvm/prebuilt/windows-x86_64/bin]
  link line: [ "D:/Programming/Unsort/android-ndk-r27d/toolchains/llvm/prebuilt/windows-x86_64/bin/ld.lld" --sysroot=D:/Programming/Unsort/android-ndk-r27d/toolchains/llvm/prebuilt/windows-x86_64/sysroot -z now -z relro --hash-style=both --eh-frame-hdr -m elf_x86_64 -pie -dynamic-linker /system/bin/linker64 -o cmTC_edfe3 D:/Programming/Unsort/android-ndk-r27d/toolchains/llvm/prebuilt/windows-x86_64/sysroot/usr/lib/x86_64-linux-android/21/crtbegin_dynamic.o "-LD:\\Programming\\Unsort\\android-ndk-r27d\\toolchains\\llvm\\prebuilt\\windows-x86_64/lib/clang/18/lib/linux/x86_64" -LD:/Programming/Unsort/android-ndk-r27d/toolchains/llvm/prebuilt/windows-x86_64/sysroot/usr/lib/x86_64-linux-android/21 -LD:/Programming/Unsort/android-ndk-r27d/toolchains/llvm/prebuilt/windows-x86_64/sysroot/usr/lib/x86_64-linux-android -LD:/Programming/Unsort/android-ndk-r27d/toolchains/llvm/prebuilt/windows-x86_64/sysroot/usr/lib --build-id=sha1 --no-rosegment --no-undefined-version --fatal-warnings --no-undefined CMakeFiles/cmTC_edfe3.dir/CMakeCCompilerABI.c.o "D:\\Programming\\Unsort\\android-ndk-r27d\\toolchains\\llvm\\prebuilt\\windows-x86_64/lib/clang/18/lib/linux/libclang_rt.builtins-x86_64-android.a" -l:libunwind.a -ldl -lc "D:\\Programming\\Unsort\\android-ndk-r27d\\toolchains\\llvm\\prebuilt\\windows-x86_64/lib/clang/18/lib/linux/libclang_rt.builtins-x86_64-android.a" -l:libunwind.a -ldl D:/Programming/Unsort/android-ndk-r27d/toolchains/llvm/prebuilt/windows-x86_64/sysroot/usr/lib/x86_64-linux-android/21/crtend_android.o]
    arg [D:/Programming/Unsort/android-ndk-r27d/toolchains/llvm/prebuilt/windows-x86_64/bin/ld.lld] ==> ignore
    arg [--sysroot=D:/Programming/Unsort/android-ndk-r27d/toolchains/llvm/prebuilt/windows-x86_64/sysroot] ==> ignore
    arg [-znow] ==> ignore
    arg [-zrelro] ==> ignore
    arg [--hash-style=both] ==> ignore
    arg [--eh-frame-hdr] ==> ignore
    arg [-m] ==> ignore
    arg [elf_x86_64] ==> ignore
    arg [-pie] ==> ignore
    arg [-dynamic-linker] ==> ignore
    arg [/system/bin/linker64] ==> ignore
    arg [-o] ==> ignore
    arg [cmTC_edfe3] ==> ignore
    arg [D:/Programming/Unsort/android-ndk-r27d/toolchains/llvm/prebuilt/windows-x86_64/sysroot/usr/lib/x86_64-linux-android/21/crtbegin_dynamic.o] ==> ignore
    arg [-LD:\\Programming\\Unsort\\android-ndk-r27d\\toolchains\\llvm\\prebuilt\\windows-x86_64/lib/clang/18/lib/linux/x86_64] ==> dir [D:\\Programming\\Unsort\\android-ndk-r27d\\toolchains\\llvm\\prebuilt\\windows-x86_64/lib/clang/18/lib/linux/x86_64]
    arg [-LD:/Programming/Unsort/android-ndk-r27d/toolchains/llvm/prebuilt/windows-x86_64/sysroot/usr/lib/x86_64-linux-android/21] ==> dir [D:/Programming/Unsort/android-ndk-r27d/toolchains/llvm/prebuilt/windows-x86_64/sysroot/usr/lib/x86_64-linux-android/21]
    arg [-LD:/Programming/Unsort/android-ndk-r27d/toolchains/llvm/prebuilt/windows-x86_64/sysroot/usr/lib/x86_64-linux-android] ==> dir [D:/Programming/Unsort/android-ndk-r27d/toolchains/llvm/prebuilt/windows-x86_64/sysroot/usr/lib/x86_64-linux-android]
    arg [-LD:/Programming/Unsort/android-ndk-r27d/toolchains/llvm/prebuilt/windows-x86_64/sysroot/usr/lib] ==> dir [D:/Programming/Unsort/android-ndk-r27d/toolchains/llvm/prebuilt/windows-x86_64/sysroot/usr/lib]
    arg [--build-id=sha1] ==> ignore
    arg [--no-rosegment] ==> ignore
    arg [--no-undefined-version] ==> ignore
    arg [--fatal-warnings] ==> ignore
    arg [--no-undefined] ==> ignore
    arg [CMakeFiles/cmTC_edfe3.dir/CMakeCCompilerABI.c.o] ==> ignore
    arg [D:\\Programming\\Unsort\\android-ndk-r27d\\toolchains\\llvm\\prebuilt\\windows-x86_64/lib/clang/18/lib/linux/libclang_rt.builtins-x86_64-android.a] ==> lib [D:\\Programming\\Unsort\\android-ndk-r27d\\toolchains\\llvm\\prebuilt\\windows-x86_64/lib/clang/18/lib/linux/libclang_rt.builtins-x86_64-android.a]
    arg [-l:libunwind.a] ==> lib [-l:libunwind.a]
    arg [-ldl] ==> lib [dl]
    arg [-lc] ==> lib [c]
    arg [D:\\Programming\\Unsort\\android-ndk-r27d\\toolchains\\llvm\\prebuilt\\windows-x86_64/lib/clang/18/lib/linux/libclang_rt.builtins-x86_64-android.a] ==> lib [D:\\Programming\\Unsort\\android-ndk-r27d\\toolchains\\llvm\\prebuilt\\windows-x86_64/lib/clang/18/lib/linux/libclang_rt.builtins-x86_64-android.a]
    arg [-l:libunwind.a] ==> lib [-l:libunwind.a]
    arg [-ldl] ==> lib [dl]
    arg [D:/Programming/Unsort/android-ndk-r27d/toolchains/llvm/prebuilt/windows-x86_64/sysroot/usr/lib/x86_64-linux-android/21/crtend_android.o] ==> ignore
  remove lib [D:\\Programming\\Unsort\\android-ndk-r27d\\toolchains\\llvm\\prebuilt\\windows-x86_64/lib/clang/18/lib/linux/libclang_rt.builtins-x86_64-android.a]
  remove lib [D:\\Programming\\Unsort\\android-ndk-r27d\\toolchains\\llvm\\prebuilt\\windows-x86_64/lib/clang/18/lib/linux/libclang_rt.builtins-x86_64-android.a]
  collapse library dir [D:\\Programming\\Unsort\\android-ndk-r27d\\toolchains\\llvm\\prebuilt\\windows-x86_64/lib/clang/18/lib/linux/x86_64] ==> [D:/Programming/Unsort/android-ndk-r27d/toolchains/llvm/prebuilt/windows-x86_64/lib/clang/18/lib/linux/x86_64]
  collapse library dir [D:/Programming/Unsort/android-ndk-r27d/toolchains/llvm/prebuilt/windows-x86_64/sysroot/usr/lib/x86_64-linux-android/21] ==> [D:/Programming/Unsort/android-ndk-r27d/toolchains/llvm/prebuilt/windows-x86_64/sysroot/usr/lib/x86_64-linux-android/21]
  collapse library dir [D:/Programming/Unsort/android-ndk-r27d/toolchains/llvm/prebuilt/windows-x86_64/sysroot/usr/lib/x86_64-linux-android] ==> [D:/Programming/Unsort/android-ndk-r27d/toolchains/llvm/prebuilt/windows-x86_64/sysroot/usr/lib/x86_64-linux-android]
  collapse library dir [D:/Programming/Unsort/android-ndk-r27d/toolchains/llvm/prebuilt/windows-x86_64/sysroot/usr/lib] ==> [D:/Programming/Unsort/android-ndk-r27d/toolchains/llvm/prebuilt/windows-x86_64/sysroot/usr/lib]
  implicit libs: [-l:libunwind.a;dl;c;-l:libunwind.a;dl]
  implicit dirs: [D:/Programming/Unsort/android-ndk-r27d/toolchains/llvm/prebuilt/windows-x86_64/lib/clang/18/lib/linux/x86_64;D:/Programming/Unsort/android-ndk-r27d/toolchains/llvm/prebuilt/windows-x86_64/sysroot/usr/lib/x86_64-linux-android/21;D:/Programming/Unsort/android-ndk-r27d/toolchains/llvm/prebuilt/windows-x86_64/sysroot/usr/lib/x86_64-linux-android;D:/Programming/Unsort/android-ndk-r27d/toolchains/llvm/prebuilt/windows-x86_64/sysroot/usr/lib]
  implicit fwks: []




Detecting C [-std=c11] compiler features compiled with the following output:
Change Dir: D:/Programming/Clone Github/OpenLockr/app/.cxx/cmake/debug/x86_64/CMakeFiles/CMakeTmp

Run Build Command:"D:\Programming\Unsort\SDK\cmake\3.10.2.4988404\bin\ninja.exe" "cmTC_170d4"
[1/2] Building C object CMakeFiles/cmTC_170d4.dir/feature_tests.c.o
[2/2] Linking C executable cmTC_170d4


    Feature record: C_FEATURE:1c_function_prototypes
    Feature record: C_FEATURE:1c_restrict
    Feature record: C_FEATURE:1c_static_assert
    Feature record: C_FEATURE:1c_variadic_macros


Detecting C [-std=c99] compiler features compiled with the following output:
Change Dir: D:/Programming/Clone Github/OpenLockr/app/.cxx/cmake/debug/x86_64/CMakeFiles/CMakeTmp

Run Build Command:"D:\Programming\Unsort\SDK\cmake\3.10.2.4988404\bin\ninja.exe" "cmTC_372be"
[1/2] Building C object CMakeFiles/cmTC_372be.dir/feature_tests.c.o
[2/2] Linking C executable cmTC_372be


    Feature record: C_FEATURE:1c_function_prototypes
    Feature record: C_FEATURE:1c_restrict
    Feature record: C_FEATURE:0c_static_assert
    Feature record: C_FEATURE:1c_variadic_macros


Detecting C [-std=c90] compiler features compiled with the following output:
Change Dir: D:/Programming/Clone Github/OpenLockr/app/.cxx/cmake/debug/x86_64/CMakeFiles/CMakeTmp

Run Build Command:"D:\Programming\Unsort\SDK\cmake\3.10.2.4988404\bin\ninja.exe" "cmTC_0dbb1"
[1/2] Building C object CMakeFiles/cmTC_0dbb1.dir/feature_tests.c.o
[2/2] Linking C executable cmTC_0dbb1


    Feature record: C_FEATURE:1c_function_prototypes
    Feature record: C_FEATURE:0c_restrict
    Feature record: C_FEATURE:0c_static_assert
    Feature record: C_FEATURE:0c_variadic_macros
